INFO  11:54:33  Executing Login ......
INFO  11:55:25 Home page...
INFO  11:55:52  Executing GetIpTreatmentOffering.......
ERROR 11:56:25 Exception occurred in GetTreatmentPackages : A network-related or instance-specific error occurred while establishing a connection to SQL Server. The server was not found or was not accessible. Verify that the instance name is correct and that SQL Server is configured to allow remote connections. (provider: TCP Provider, error: 40 - Could not open a connection to SQL Server) 
INFO  02:48:09  Executing Login ......
ERROR 02:48:11 Exception occurred : Invalid username or password/ Credentials doesn't match 
INFO  02:48:18  Executing Login ......
INFO  02:48:26 Home page...
INFO  02:48:31  Executing GetIpTreatmentOffering.......
INFO  02:48:37  Executing Patients ..........
ERROR 02:48:40 Exception occurred : Connection refused (localhost:9081) 
INFO  02:48:43 Home page...
INFO  02:48:48 Home page...
INFO  02:48:49  Executing RegisterPatient Action .....
INFO  11:40:45  Executing Login ......
ERROR 11:40:47 Exception occurred : Invalid username or password/ Credentials doesn't match 
INFO  11:41:01  Executing Login ......
ERROR 11:41:02 Exception occurred : Invalid username or password/ Credentials doesn't match 
INFO  11:41:11  Executing Login ......
INFO  11:41:11 Home page...
INFO  11:41:20  Executing GetIpTreatmentOffering.......
INFO  11:41:25  Executing Patients ..........
INFO  11:41:31  Executing RegisterPatient Action .....
INFO  11:41:39  Executing RegisterPatient Action .....
INFO  11:41:40  Executing Patients ..........
INFO  11:41:45  Executing RegisterPatient Action .....
INFO  11:42:20  Executing FormulatePlan ........
ERROR 11:42:21 Exception occurred : Did not get Treatment plan object >> Response status code does not indicate success: 401 (Unauthorized).
INFO  11:42:34 Home page...
INFO  11:42:36  Executing RegisterPatient Action .....
INFO  11:42:42  Executing Patients ..........
INFO  11:42:44  Executing RegisterPatient Action .....
INFO  11:43:00  Executing FormulatePlan ........
ERROR 11:43:01 Exception occurred : Did not get Treatment plan object >> Response status code does not indicate success: 401 (Unauthorized).
INFO  11:45:36  Executing Login ......
INFO  11:45:37 Home page...
INFO  11:45:43  Executing Patients ..........
INFO  11:45:45  Executing RegisterPatient Action .....
INFO  11:45:46  Executing RegisterPatient Action .....
INFO  11:46:13  Executing FormulatePlan ........
ERROR 11:46:23 Exception occurred : Did not get Treatment plan object >> Response status code does not indicate success: 400 (Bad Request).
INFO  11:47:30 Home page...
INFO  11:47:31  Executing RegisterPatient Action .....
INFO  11:47:37  Executing Patients ..........
INFO  11:47:38  Executing Patients ..........
INFO  11:48:13  Executing RegisterPatient Action .....
INFO  11:48:36  Executing FormulatePlan ........
ERROR 11:49:34 Exception occurred : Did not get Treatment plan object >> An error occurred while sending the request.
INFO  11:50:43 Home page...
INFO  11:51:00  Executing RegisterPatient Action .....
INFO  11:51:19  Executing FormulatePlan ........
ERROR 11:53:00 Exception occurred : Did not get Treatment plan object >> The request was canceled due to the configured HttpClient.Timeout of 100 seconds elapsing.
INFO  12:02:27  Executing Login ......
INFO  12:02:31 Home page...
INFO  12:02:34  Executing GetIpTreatmentOffering.......
INFO  12:02:36  Executing RegisterPatient Action .....
INFO  12:02:57  Executing FormulatePlan ........
ERROR 12:03:55 Exception occurred : Did not get Treatment plan object >> An error occurred while sending the request.
INFO  12:06:36  Executing Login ......
INFO  12:06:36 Home page...
INFO  12:06:38  Executing RegisterPatient Action .....
INFO  12:06:53  Executing FormulatePlan ........
INFO  12:07:46 Home page...
INFO  12:07:48  Executing RegisterPatient Action .....
INFO  12:08:07  Executing FormulatePlan ........
INFO  12:08:31 Home page...
INFO  12:08:33  Executing Patients ..........
INFO  12:10:42  Executing AddInsurer ...... 
INFO  12:10:42  New insurance claim initiated .....!
INFO  12:10:47 ..Executing AddInsurer(POST) method 
ERROR 12:10:48 Exception occurred : Exception of type 'System.Exception' was thrown.
INFO  12:12:14 Home page...
INFO  12:12:17  Executing Patients ..........
ERROR 12:12:18 Exception occurred : Value cannot be null. (Parameter 'User isn't authorized') 
INFO  12:12:42  Executing Login ......
INFO  12:12:43 Home page...
INFO  12:12:46  Executing Patients ..........
INFO  12:12:50  Executing AddInsurer ...... 
INFO  12:12:50  New insurance claim initiated .....!
INFO  12:12:55 ..Executing AddInsurer(POST) method 
INFO  12:12:57 Home page...
INFO  12:12:59  Executing Patients ..........
INFO  12:13:04  Executing AddInsurer ...... 
INFO  12:13:04  New insurance claim initiated .....!
INFO  12:13:09 ..Executing AddInsurer(POST) method 
INFO  12:13:11 Home page...
INFO  12:13:13  Executing Patients ..........
INFO  12:13:29  Executing Patients ..........
INFO  12:13:37  Executing Patients ..........
INFO  12:13:47  Executing GetIpTreatmentOffering.......
INFO  01:17:56  Executing Login ......
ERROR 01:17:59 Exception occurred : Invalid username or password/ Credentials doesn't match 
INFO  01:18:08  Executing Login ......
INFO  01:18:09 Home page...
INFO  01:18:18  Executing GetIpTreatmentOffering.......
INFO  01:18:30  Executing RegisterPatient Action .....
INFO  01:18:57  Executing FormulatePlan ........
INFO  01:19:11 Home page...
INFO  01:19:13  Executing Patients ..........
INFO  01:19:37  Executing AddInsurer ...... 
INFO  01:19:42  New insurance claim initiated .....!
INFO  01:19:53 ..Executing AddInsurer(POST) method 
INFO  01:19:58 Home page...
INFO  01:20:11  Executing Patients ..........
INFO  01:20:16  Executing GetIpTreatmentOffering.......
INFO  01:20:36  Executing RegisterPatient Action .....
INFO  01:21:10  Executing RegisterPatient Action .....
INFO  08:15:50  Executing Login ......
INFO  08:15:51 Home page...
INFO  08:15:54  Executing GetIpTreatmentOffering.......
INFO  08:15:59 Home page...
INFO  08:16:01  Executing GetIpTreatmentOffering.......
INFO  08:16:02 Home page...
INFO  08:16:08  Executing GetIpTreatmentOffering.......
INFO  08:16:19  Executing Patients ..........
INFO  08:16:27  Executing RegisterPatient Action .....
INFO  08:16:49  Executing FormulatePlan ........
INFO  08:17:31 Home page...
INFO  08:17:33  Executing Patients ..........
INFO  08:17:39  Executing AddInsurer ...... 
INFO  08:17:42  New insurance claim initiated .....!
INFO  08:17:53 ..Executing AddInsurer(POST) method 
INFO  08:17:55 Home page...
INFO  08:18:03  Executing Patients ..........
INFO  08:18:10  Executing GetIpTreatmentOffering.......
INFO  08:18:11 Home page...
